# JRE version: Java(TM) SE Runtime Environment (20.0.2+9) (build 20.0.2+9-78)
# Java VM: Java HotSpot(TM) 64-Bit Server VM (20.0.2+9-78, mixed mode, sharing, tiered, compressed oops, compressed class ptrs, g1 gc, windows-amd64)
GC Precious Log:
 CardTable entry size: 512
 Card Set container configuration: InlinePtr #cards 5 size 8 Array Of Cards #cards 12 size 40 Howl #buckets 4 coarsen threshold 1843 Howl Bitmap #cards 512 size 80 coarsen threshold 460 Card regions per heap region 1 cards per card region 2048
 CPUs: 12 total, 12 available
 Memory: 15722M
 Large Page Support: Disabled
 NUMA Support: Disabled
 Compressed Oops: Enabled (32-bit)
 Heap Region Size: 1M
 Heap Min Capacity: 256M
 Heap Initial Capacity: 256M
 Heap Max Capacity: 512M
 Pre-touch: Disabled
 Parallel Workers: 10
 Concurrent Workers: 3
 Concurrent Refinement Workers: 10
 Periodic GC: Disabled
Heap:
 garbage-first heap   total 262144K, used 36938K [0x00000000e0000000, 0x0000000100000000)
  region size 1024K, 14 young (14336K), 2 survivors (2048K)
 Metaspace       used 22341K, committed 23104K, reserved 380928K
  class space    used 3272K, committed 3648K, reserved 315392K
GC Heap History (8 events):
Event: 1.666 GC heap before
{Heap before GC invocations=0 (full 0):
 garbage-first heap   total 262144K, used 26624K [0x00000000e0000000, 0x0000000100000000)
  region size 1024K, 23 young (23552K), 0 survivors (0K)
 Metaspace       used 2155K, committed 2304K, reserved 380928K
  class space    used 235K, committed 320K, reserved 315392K
}
Event: 1.675 GC heap after
{Heap after GC invocations=1 (full 0):
 garbage-first heap   total 262144K, used 10378K [0x00000000e0000000, 0x0000000100000000)
  region size 1024K, 3 young (3072K), 3 survivors (3072K)
 Metaspace       used 2155K, committed 2304K, reserved 380928K
  class space    used 235K, committed 320K, reserved 315392K
}
Event: 3.434 GC heap before
{Heap before GC invocations=1 (full 0):
 garbage-first heap   total 262144K, used 39050K [0x00000000e0000000, 0x0000000100000000)
  region size 1024K, 31 young (31744K), 3 survivors (3072K)
 Metaspace       used 4094K, committed 4352K, reserved 380928K
  class space    used 504K, committed 640K, reserved 315392K
}
Event: 3.440 GC heap after
{Heap after GC invocations=2 (full 0):
 garbage-first heap   total 262144K, used 11787K [0x00000000e0000000, 0x0000000100000000)
  region size 1024K, 2 young (2048K), 2 survivors (2048K)
 Metaspace       used 4094K, committed 4352K, reserved 380928K
  class space    used 504K, committed 640K, reserved 315392K
}
Event: 9.607 GC heap before
{Heap before GC invocations=2 (full 0):
 garbage-first heap   total 262144K, used 129547K [0x00000000e0000000, 0x0000000100000000)
  region size 1024K, 115 young (117760K), 2 survivors (2048K)
 Metaspace       used 20576K, committed 21248K, reserved 380928K
  class space    used 2953K, committed 3264K, reserved 315392K
}
Event: 9.630 GC heap after
{Heap after GC invocations=3 (full 0):
 garbage-first heap   total 262144K, used 24103K [0x00000000e0000000, 0x0000000100000000)
  region size 1024K, 13 young (13312K), 13 survivors (13312K)
 Metaspace       used 20576K, committed 21248K, reserved 380928K
  class space    used 2953K, committed 3264K, reserved 315392K
}
Event: 9.698 GC heap before
{Heap before GC invocations=3 (full 0):
 garbage-first heap   total 262144K, used 26151K [0x00000000e0000000, 0x0000000100000000)
  region size 1024K, 16 young (16384K), 13 survivors (13312K)
 Metaspace       used 20816K, committed 21504K, reserved 380928K
  class space    used 2987K, committed 3328K, reserved 315392K
}
Event: 9.717 GC heap after
{Heap after GC invocations=4 (full 0):
 garbage-first heap   total 262144K, used 25674K [0x00000000e0000000, 0x0000000100000000)
  region size 1024K, 2 young (2048K), 2 survivors (2048K)
 Metaspace       used 20816K, committed 21504K, reserved 380928K
  class space    used 2987K, committed 3328K, reserved 315392K
}

